[designertemplate.webflow.io/index.html]
[backblue.gif]
[fade.gif]
[index.html]
[assets.website-files.com/5f68b76104965043f88e2647/css/designertemplate.webflow.bad02d616.css]
[designertemplate.webflow.io/about.html]
[designertemplate.webflow.io/portfolio.html]
[designertemplate.webflow.io/products.html]
[designertemplate.webflow.io/contact.html]
[designertemplate.webflow.io/portfolio/fintech-mobile-app-redesign.html]
[designertemplate.webflow.io/product/iphone-11-pro-mockups.html]
[designertemplate.webflow.io/article/5-great-ux-tips-to-increase-your-users-retention.html]
[designertemplate.webflow.io/styleguide.html]
[designertemplate.webflow.io/404.html]
[designertemplate.webflow.io/licenses.html]
[designertemplate.webflow.io/checkout.html]
[assets.website-files.com/5f68b76104965043f88e2647/5f68dc2ac524a5051687a4ca_image-hero-designer-template.png]
[assets.website-files.com/5f68b761049650bd498e2649/5f6920b95c832be6cde53eab_image-portfolio-04-designer-template.png]
[designertemplate.webflow.io/portfolio/elearning-mobile-app-design.html]
[assets.website-files.com/5f68b761049650bd498e2649/5f692087ca2bad9dfe44ad22_image-portfolio-03-designer-template.png]
[designertemplate.webflow.io/portfolio/fintech-website-design.html]
[assets.website-files.com/5f68b761049650bd498e2649/5f6e41c69d7ea85071f00068_image-portfolio-01-designer-template.png]
[assets.website-files.com/5f68b76104965043f88e2647/5f6ccf2439b2264f33bbb821_background-cta-designer-template.jpg]
[assets.website-files.com/5f68b76104965043f88e2647/5f68ec03219ac3445c97f9c6_image-about-section-01-designer-template.jpg]
[assets.website-files.com/5f68b76104965043f88e2647/5f68ec04bc61562c6fb8793c_image-about-section-02-designer-template.jpg]
[assets.website-files.com/5f68b76104965043f88e2647/5f68f3fea3e7a8849cbf16c2_image-testimonial-02-designer-template.jpg]
[assets.website-files.com/5f68b76104965043f88e2647/5f68f3fef7d9363a52fade68_image-testimonial-01-designer-template.jpg]
[assets.website-files.com/5f68b76104965043f88e2647/5f68f3fe5682a499652f13a2_image-testimonial-03-designer-template.jpg]
[assets.website-files.com/5f68b761049650bd498e2649/5f693974fda6430aecceb18b_image-blog-article-06-designer-template.jpg]
[designertemplate.webflow.io/article/10-great-sites-to-explore-ui-design-patterns.html]
[assets.website-files.com/5f68b761049650bd498e2649/5f6938ff43405e66ce131486_image-blog-article-04-designer-template.jpg]
[designertemplate.webflow.io/article/the-power-of-whitespace-in-web-and-ui-design.html]
[assets.website-files.com/5f68b761049650bd498e2649/5f69389edaebb042f494b7ad_image-blog-article-02-designer-template.jpg]
[assets.website-files.com/5f68b761049650bd498e2649/5f69375096396a56e9251e93_image-blog-article-01-designer-template.jpg]
[assets.website-files.com/5f68b76104965043f88e2647/5f68f7fffd8aed2e4f4e1ed3_image-dribbble-01-designer-template.png]
[assets.website-files.com/5f68b76104965043f88e2647/5f68f7fff7d9366d4cfaeb0c_image-dribbble-02-designer-template.png]
[assets.website-files.com/5f68b76104965043f88e2647/5f68f7ff7f0d462c795e6b7b_image-dribbble-03-designer-template.png]
[assets.website-files.com/5f68b76104965043f88e2647/5f68f7ffe968a5f713c6ec28_image-dribbble-04-designer-template.png]
[designertemplate.webflow.io/product/ipad-pro-2020-11-mockup.html]
[designertemplate.webflow.io/index.html]
[assets.website-files.com/5f68b76104965043f88e2647/css/designertemplate.webflow.bad02d616.css]
[d3e54v103j8qbb.cloudfront.net/js/jquery-3.5.1.min.dc5e7f18c8f520.js]
[assets.website-files.com/5f68b76104965043f88e2647/js/webflow.ea43e5e8e.js]
[assets.website-files.com/5f68b76104965043f88e2647/5f6a39dce4b850343816a8a3_image-hero-about-designer-template.jpg]
[assets.website-files.com/5f68b76104965043f88e2647/5f6a433173d5a3844579257f_image-my-story-designer-template.jpg]
[designertemplate.webflow.io/about.html]
[designertemplate.webflow.io/portfolio-category/web-design.html]
[designertemplate.webflow.io/portfolio-category/product-design.html]
[assets.website-files.com/5f68b761049650bd498e2649/5f6e43200918d8229d86a540_image-portfolio-02-designer-template.png]
[designertemplate.webflow.io/portfolio.html]
[assets.website-files.com/5f68b761049650bd498e2649/5f6a7c2cac4725cccff8a653_mockup-ecommerce-02-designer-template.png]
[assets.website-files.com/5f68b761049650bd498e2649/5f6a75b7a605d91d1010208f_mockup-ecommerce-01-designer-template.png]
[assets.website-files.com/5f68b761049650bd498e2649/5f6e3e6da9af43e722da239c_mockup-ecommerce-08-designer-template.png]
[assets.website-files.com/5f68b761049650bd498e2649/5f6e3df68e979ea2c8d5dd00_mockup-ecommerce-07-designer-template.png]
[assets.website-files.com/5f68b761049650bd498e2649/5f6a831fd17bef17ca7da2c2_mockup-ecommerce-06-designer-template.png]
[assets.website-files.com/5f68b761049650bd498e2649/5f6a8216a3611a0d2d55f85b_mockup-ecommerce-05-designer-template.png]
[assets.website-files.com/5f68b761049650bd498e2649/5f6a75cd1b5b9d1054ae5a87_mockup-ecommerce-04-designer-template.png]
[designertemplate.webflow.io/product/galaxy-note-20-ultra-mockup.html]
[assets.website-files.com/5f68b761049650bd498e2649/5f6a75c5a605d92dd11020a8_mockup-ecommerce-03-designer-template.png]
[designertemplate.webflow.io/products.html]
[designertemplate.webflow.io/contact.html]
[designertemplate.webflow.io/products4746.html]
[assets.website-files.com/5f68b761049650bd498e2649/5f691b58b3ba109c3b356d84_image-projectoverview-designer-template.png]
[assets.website-files.com/5f68b761049650bd498e2649/5f691c0d3f964b47dbaf21b0_image-execution-designer-template.png]
[assets.website-files.com/5f68b761049650bd498e2649/5f691c6de0cb1f756a8800d9_image-results-designer-template.png]
[designertemplate.webflow.io/portfolio/fintech-mobile-app-redesign.html]
[assets.website-files.com/5f68b761049650bd498e2649/5f6a792b3b52a11206cb500f_image-about-product-designer-template.png]
[designertemplate.webflow.io/product/iphone-11-pro-mockups.html]
[assets.website-files.com/5f68b761049650bd498e2649/5f6937948a40da948741b102_image-blog-post-designer-template.jpg]
[assets.website-files.com/5f68b76104965043f88e2647/5f6b8dbf13d4f85c4118b3fa_image-blog-author-designer-template.jpg]
[assets.website-files.com/5f68b761049650bd498e2649/5f69392643405e009f1314f7_image-blog-article-05-designer-template.jpg]
[designertemplate.webflow.io/article/5-great-ux-tips-to-increase-your-users-retention.html]
[assets.website-files.com/5f68b76104965043f88e2647/5f6d1ee96b68aa36bf8d9a6d_image-blog-post-designer-template.jpg]
[designertemplate.webflow.io/styleguide.html]
[designertemplate.webflow.io/404.html]
[designertemplate.webflow.io/licenses.html]
[designertemplate.webflow.io/checkout.html]
[designertemplate.webflow.io/portfolio/elearning-mobile-app-design.html]
[designertemplate.webflow.io/portfolio/fintech-website-design.html]
[designertemplate.webflow.io/article/10-great-sites-to-explore-ui-design-patterns.html]
[designertemplate.webflow.io/article/the-power-of-whitespace-in-web-and-ui-design.html]
[designertemplate.webflow.io/product/ipad-pro-2020-11-mockup.html]
[designertemplate.webflow.io/portfolio-category/web-design.html]
[designertemplate.webflow.io/portfolio-category/product-design.html]
[designertemplate.webflow.io/article/how-to-design-an-useful-and-intuitive-navigation.html]
[designertemplate.webflow.io/product/macbook-pro-16-mockup.html]
[designertemplate.webflow.io/product/galaxy-note-20-ultra-mockup.html]
[designertemplate.webflow.io/products4746.html]
[designertemplate.webflow.io/article/how-to-design-an-useful-and-intuitive-navigation.html]
[designertemplate.webflow.io/product/macbook-pro-16-mockup.html]
[designertemplate.webflow.io/blog.html]
[designertemplate.webflow.io/start-here.html]
[designertemplate.webflow.io/401.html]
[designertemplate.webflow.io/changelog.html]
[designertemplate.webflow.io/blog-category/product-design.html]
[designertemplate.webflow.io/portfolio-category/ui-ux-design.html]
[designertemplate.webflow.io/portfolio/digital-store-mobile-app.html]
[designertemplate.webflow.io/category/mockup.html]
[designertemplate.webflow.io/product/galaxy-s20-mockups.html]
[designertemplate.webflow.io/product/iphone-11-mockup-scene.html]
[designertemplate.webflow.io/product/asus-laptop-mockup.html]
[designertemplate.webflow.io/product/galaxy-s20-mockup-composition.html]
[designertemplate.webflow.io/article/bad-design-vs-good-design-3-interesting-examples.html]
[designertemplate.webflow.io/blog-category/ui-ux-design.html]
[designertemplate.webflow.io/products1213.html]
[designertemplate.webflow.io/blog-category/web-design.html]
